[c-node03:2639175:0:2639175] Caught signal 11 (Segmentation fault: address not mapped to object at address (nil))
[c-node03:2639179:0:2639179] Caught signal 11 (Segmentation fault: address not mapped to object at address (nil))
[c-node03:2639182:0:2639182] Caught signal 11 (Segmentation fault: address not mapped to object at address (nil))
[c-node03:2639183:0:2639183] Caught signal 11 (Segmentation fault: address not mapped to object at address (nil))
[c-node03:2639184:0:2639184] Caught signal 11 (Segmentation fault: address not mapped to object at address (nil))
[c-node03:2639194:0:2639194] Caught signal 11 (Segmentation fault: address not mapped to object at address (nil))
[c-node03:2639200:0:2639200] Caught signal 11 (Segmentation fault: address not mapped to object at address (nil))
[c-node03:2639201:0:2639201] Caught signal 11 (Segmentation fault: address not mapped to object at address (nil))
[c-node03:2639203:0:2639203] Caught signal 11 (Segmentation fault: address not mapped to object at address (nil))
[c-node03:2639204:0:2639204] Caught signal 11 (Segmentation fault: address not mapped to object at address (nil))
[c-node03:2639206:0:2639206] Caught signal 11 (Segmentation fault: address not mapped to object at address (nil))
[c-node03:2639207:0:2639207] Caught signal 11 (Segmentation fault: address not mapped to object at address (nil))
[c-node03:2639209:0:2639209] Caught signal 11 (Segmentation fault: address not mapped to object at address (nil))
[c-node03:2639211:0:2639211] Caught signal 11 (Segmentation fault: address not mapped to object at address (nil))
[c-node03:2639212:0:2639212] Caught signal 11 (Segmentation fault: address not mapped to object at address (nil))
[c-node03:2639216:0:2639216] Caught signal 11 (Segmentation fault: address not mapped to object at address (nil))
[c-node03:2639219:0:2639219] Caught signal 11 (Segmentation fault: address not mapped to object at address (nil))
[c-node03:2639220:0:2639220] Caught signal 11 (Segmentation fault: address not mapped to object at address (nil))
[c-node03:2639221:0:2639221] Caught signal 11 (Segmentation fault: address not mapped to object at address (nil))
[c-node03:2639222:0:2639222] Caught signal 11 (Segmentation fault: address not mapped to object at address (nil))
[c-node03:2639224:0:2639224] Caught signal 11 (Segmentation fault: address not mapped to object at address (nil))
[c-node03:2639176:0:2639176] Caught signal 11 (Segmentation fault: address not mapped to object at address (nil))
[c-node03:2639177:0:2639177] Caught signal 11 (Segmentation fault: address not mapped to object at address (nil))
[c-node03:2639195:0:2639195] Caught signal 11 (Segmentation fault: address not mapped to object at address (nil))
[c-node03:2639196:0:2639196] Caught signal 11 (Segmentation fault: address not mapped to object at address (nil))
[c-node03:2639170:0:2639170] Caught signal 11 (Segmentation fault: address not mapped to object at address (nil))
[c-node03:2639171:0:2639171] Caught signal 11 (Segmentation fault: address not mapped to object at address (nil))
[c-node03:2639172:0:2639172] Caught signal 11 (Segmentation fault: address not mapped to object at address (nil))
[c-node03:2639173:0:2639173] Caught signal 11 (Segmentation fault: address not mapped to object at address (nil))
[c-node03:2639174:0:2639174] Caught signal 11 (Segmentation fault: address not mapped to object at address (nil))
[c-node03:2639186:0:2639186] Caught signal 11 (Segmentation fault: address not mapped to object at address (nil))
[c-node03:2639189:0:2639189] Caught signal 11 (Segmentation fault: address not mapped to object at address (nil))
[c-node03:2639191:0:2639191] Caught signal 11 (Segmentation fault: address not mapped to object at address (nil))
[c-node03:2639192:0:2639192] Caught signal 11 (Segmentation fault: address not mapped to object at address (nil))
[c-node03:2639193:0:2639193] Caught signal 11 (Segmentation fault: address not mapped to object at address (nil))
[c-node03:2639199:0:2639199] Caught signal 11 (Segmentation fault: address not mapped to object at address (nil))
[c-node03:2639202:0:2639202] Caught signal 11 (Segmentation fault: address not mapped to object at address (nil))
[c-node03:2639213:0:2639213] Caught signal 11 (Segmentation fault: address not mapped to object at address (nil))
[c-node03:2639215:0:2639215] Caught signal 11 (Segmentation fault: address not mapped to object at address (nil))
[c-node03:2639217:0:2639217] Caught signal 11 (Segmentation fault: address not mapped to object at address (nil))
[c-node03:2639218:0:2639218] Caught signal 11 (Segmentation fault: address not mapped to object at address (nil))
[c-node03:2639225:0:2639225] Caught signal 11 (Segmentation fault: address not mapped to object at address (nil))
[c-node03:2639178:0:2639178] Caught signal 11 (Segmentation fault: address not mapped to object at address (nil))
[c-node03:2639181:0:2639181] Caught signal 11 (Segmentation fault: address not mapped to object at address (nil))
[c-node03:2639185:0:2639185] Caught signal 11 (Segmentation fault: address not mapped to object at address (nil))
[c-node03:2639188:0:2639188] Caught signal 11 (Segmentation fault: address not mapped to object at address (nil))
[c-node03:2639190:0:2639190] Caught signal 11 (Segmentation fault: address not mapped to object at address (nil))
[c-node03:2639197:0:2639197] Caught signal 11 (Segmentation fault: address not mapped to object at address (nil))
[c-node03:2639223:0:2639223] Caught signal 11 (Segmentation fault: address not mapped to object at address (nil))
[c-node03:2639180:0:2639180] Caught signal 11 (Segmentation fault: address not mapped to object at address (nil))
[c-node03:2639198:0:2639198] Caught signal 11 (Segmentation fault: address not mapped to object at address (nil))
[c-node03:2639205:0:2639205] Caught signal 11 (Segmentation fault: address not mapped to object at address (nil))
[c-node03:2639208:0:2639208] Caught signal 11 (Segmentation fault: address not mapped to object at address (nil))
[c-node03:2639210:0:2639210] Caught signal 11 (Segmentation fault: address not mapped to object at address (nil))
BFD: Dwarf Error: Can't find .debug_ranges section.
BFD: Dwarf Error: Can't find .debug_ranges section.
BFD: Dwarf Error: Can't find .debug_ranges section.
BFD: Dwarf Error: Can't find .debug_ranges section.
BFD: Dwarf Error: Can't find .debug_ranges section.
BFD: Dwarf Error: Can't find .debug_ranges section.
BFD: Dwarf Error: Can't find .debug_ranges section.
BFD: Dwarf Error: Can't find .debug_ranges section.
BFD: Dwarf Error: Can't find .debug_ranges section.
BFD: Dwarf Error: Can't find .debug_ranges section.
BFD: Dwarf Error: Can't find .debug_ranges section.
BFD: Dwarf Error: Can't find .debug_ranges section.
BFD: Dwarf Error: Can't find .debug_ranges section.
BFD: Dwarf Error: Can't find .debug_ranges section.
BFD: Dwarf Error: Can't find .debug_ranges section.
BFD: Dwarf Error: Can't find .debug_ranges section.
BFD: Dwarf Error: Can't find .debug_ranges section.
BFD: Dwarf Error: Can't find .debug_ranges section.
BFD: Dwarf Error: Can't find .debug_ranges section.
BFD: Dwarf Error: Can't find .debug_ranges section.
BFD: Dwarf Error: Can't find .debug_ranges section.
BFD: Dwarf Error: Can't find .debug_ranges section.
BFD: Dwarf Error: Can't find .debug_ranges section.
BFD: Dwarf Error: Can't find .debug_ranges section.
BFD: Dwarf Error: Can't find .debug_ranges section.
BFD: Dwarf Error: Can't find .debug_ranges section.
BFD: Dwarf Error: Can't find .debug_ranges section.
BFD: Dwarf Error: Can't find .debug_ranges section.
BFD: Dwarf Error: Can't find .debug_ranges section.
BFD: Dwarf Error: Can't find .debug_ranges section.
BFD: Dwarf Error: Can't find .debug_ranges section.
BFD: Dwarf Error: Can't find .debug_ranges section.
BFD: Dwarf Error: Can't find .debug_ranges section.
BFD: Dwarf Error: Can't find .debug_ranges section.
BFD: Dwarf Error: Can't find .debug_ranges section.
BFD: Dwarf Error: Can't find .debug_ranges section.
BFD: Dwarf Error: Can't find .debug_ranges section.
BFD: Dwarf Error: Can't find .debug_ranges section.
BFD: Dwarf Error: Can't find .debug_ranges section.
BFD: Dwarf Error: Can't find .debug_ranges section.
BFD: Dwarf Error: Can't find .debug_ranges section.
BFD: Dwarf Error: Can't find .debug_ranges section.
BFD: Dwarf Error: Can't find .debug_ranges section.
BFD: Dwarf Error: Can't find .debug_ranges section.
BFD: Dwarf Error: Can't find .debug_ranges section.
BFD: Dwarf Error: Can't find .debug_ranges section.
BFD: Dwarf Error: Can't find .debug_ranges section.
BFD: Dwarf Error: Can't find .debug_ranges section.
BFD: Dwarf Error: Can't find .debug_ranges section.
BFD: Dwarf Error: Can't find .debug_ranges section.
BFD: Dwarf Error: Can't find .debug_ranges section.
BFD: Dwarf Error: Can't find .debug_ranges section.
BFD: Dwarf Error: Can't find .debug_ranges section.
BFD: Dwarf Error: Can't find .debug_ranges section.
BFD: Dwarf Error: Can't find .debug_ranges section.
BFD: Dwarf Error: Can't find .debug_ranges section.
BFD: Dwarf Error: Can't find .debug_ranges section.
BFD: Dwarf Error: Can't find .debug_ranges section.
BFD: Dwarf Error: Can't find .debug_ranges section.
BFD: Dwarf Error: Can't find .debug_ranges section.
BFD: Dwarf Error: Can't find .debug_ranges section.
BFD: Dwarf Error: Can't find .debug_ranges section.
BFD: Dwarf Error: Can't find .debug_ranges section.
BFD: Dwarf Error: Can't find .debug_ranges section.
BFD: Dwarf Error: Can't find .debug_ranges section.
BFD: Dwarf Error: Can't find .debug_ranges section.
BFD: Dwarf Error: Can't find .debug_ranges section.
BFD: Dwarf Error: Can't find .debug_ranges section.
BFD: Dwarf Error: Can't find .debug_ranges section.
BFD: Dwarf Error: Can't find .debug_ranges section.
BFD: Dwarf Error: Can't find .debug_ranges section.
BFD: Dwarf Error: Can't find .debug_ranges section.
BFD: Dwarf Error: Can't find .debug_ranges section.
BFD: Dwarf Error: Can't find .debug_ranges section.
BFD: Dwarf Error: Can't find .debug_ranges section.
BFD: Dwarf Error: Can't find .debug_ranges section.
BFD: Dwarf Error: Can't find .debug_ranges section.
BFD: Dwarf Error: Can't find .debug_ranges section.
BFD: Dwarf Error: Can't find .debug_ranges section.
BFD: Dwarf Error: Can't find .debug_ranges section.
BFD: Dwarf Error: Can't find .debug_ranges section.
BFD: Dwarf Error: Can't find .debug_ranges section.
BFD: Dwarf Error: Can't find .debug_ranges section.
BFD: Dwarf Error: Can't find .debug_ranges section.
BFD: Dwarf Error: Can't find .debug_ranges section.
BFD: Dwarf Error: Can't find .debug_ranges section.
BFD: Dwarf Error: Can't find .debug_ranges section.
BFD: Dwarf Error: Can't find .debug_ranges section.
BFD: Dwarf Error: Can't find .debug_ranges section.
BFD: Dwarf Error: Can't find .debug_ranges section.
BFD: Dwarf Error: Can't find .debug_ranges section.
BFD: Dwarf Error: Can't find .debug_ranges section.
BFD: Dwarf Error: Can't find .debug_ranges section.
BFD: Dwarf Error: Can't find .debug_ranges section.
BFD: Dwarf Error: Can't find .debug_ranges section.
BFD: Dwarf Error: Can't find .debug_ranges section.
BFD: Dwarf Error: Can't find .debug_ranges section.
BFD: Dwarf Error: Can't find .debug_ranges section.
BFD: Dwarf Error: Can't find .debug_ranges section.
BFD: Dwarf Error: Can't find .debug_ranges section.
BFD: Dwarf Error: Can't find .debug_ranges section.
BFD: Dwarf Error: Can't find .debug_ranges section.
BFD: Dwarf Error: Can't find .debug_ranges section.
BFD: Dwarf Error: Can't find .debug_ranges section.
BFD: Dwarf Error: Can't find .debug_ranges section.
BFD: Dwarf Error: Can't find .debug_ranges section.
BFD: Dwarf Error: Can't find .debug_ranges section.
BFD: Dwarf Error: Can't find .debug_ranges section.
BFD: Dwarf Error: Can't find .debug_ranges section.
BFD: Dwarf Error: Can't find .debug_ranges section.
BFD: Dwarf Error: Can't find .debug_ranges section.
BFD: Dwarf Error: Can't find .debug_ranges section.
BFD: Dwarf Error: Can't find .debug_ranges section.
BFD: Dwarf Error: Can't find .debug_ranges section.
BFD: Dwarf Error: Can't find .debug_ranges section.
BFD: Dwarf Error: Can't find .debug_ranges section.
BFD: Dwarf Error: Can't find .debug_ranges section.
BFD: Dwarf Error: Can't find .debug_ranges section.
BFD: Dwarf Error: Can't find .debug_ranges section.
BFD: Dwarf Error: Can't find .debug_ranges section.
BFD: Dwarf Error: Can't find .debug_ranges section.
BFD: Dwarf Error: Can't find .debug_ranges section.
BFD: Dwarf Error: Can't find .debug_ranges section.
BFD: Dwarf Error: Can't find .debug_ranges section.
BFD: Dwarf Error: Can't find .debug_ranges section.
BFD: Dwarf Error: Can't find .debug_ranges section.
BFD: Dwarf Error: Can't find .debug_ranges section.
BFD: Dwarf Error: Can't find .debug_ranges section.
BFD: Dwarf Error: Can't find .debug_ranges section.
BFD: Dwarf Error: Can't find .debug_ranges section.
BFD: Dwarf Error: Can't find .debug_ranges section.
BFD: Dwarf Error: Can't find .debug_ranges section.
BFD: Dwarf Error: Can't find .debug_ranges section.
BFD: Dwarf Error: Can't find .debug_ranges section.
BFD: Dwarf Error: Can't find .debug_ranges section.
BFD: Dwarf Error: Can't find .debug_ranges section.
BFD: Dwarf Error: Can't find .debug_ranges section.
BFD: Dwarf Error: Can't find .debug_ranges section.
BFD: Dwarf Error: Can't find .debug_ranges section.
BFD: Dwarf Error: Can't find .debug_ranges section.
BFD: Dwarf Error: Can't find .debug_ranges section.
BFD: Dwarf Error: Can't find .debug_ranges section.
BFD: Dwarf Error: Can't find .debug_ranges section.
BFD: Dwarf Error: Can't find .debug_ranges section.
BFD: Dwarf Error: Can't find .debug_ranges section.
BFD: Dwarf Error: Can't find .debug_ranges section.
BFD: Dwarf Error: Can't find .debug_ranges section.
BFD: Dwarf Error: Can't find .debug_ranges section.
BFD: Dwarf Error: Can't find .debug_ranges section.
BFD: Dwarf Error: Can't find .debug_ranges section.
BFD: Dwarf Error: Can't find .debug_ranges section.
BFD: Dwarf Error: Can't find .debug_ranges section.
BFD: Dwarf Error: Can't find .debug_ranges section.
BFD: Dwarf Error: Can't find .debug_ranges section.
BFD: Dwarf Error: Can't find .debug_ranges section.
BFD: Dwarf Error: Can't find .debug_ranges section.
BFD: Dwarf Error: Can't find .debug_ranges section.
BFD: Dwarf Error: Can't find .debug_ranges section.
BFD: Dwarf Error: Can't find .debug_ranges section.
BFD: Dwarf Error: Can't find .debug_ranges section.
BFD: Dwarf Error: Can't find .debug_ranges section.
BFD: Dwarf Error: Can't find .debug_ranges section.
BFD: Dwarf Error: Can't find .debug_ranges section.
BFD: Dwarf Error: Can't find .debug_ranges section.
BFD: Dwarf Error: Can't find .debug_ranges section.
BFD: Dwarf Error: Can't find .debug_ranges section.
BFD: Dwarf Error: Can't find .debug_ranges section.
BFD: Dwarf Error: Can't find .debug_ranges section.
BFD: Dwarf Error: Can't find .debug_ranges section.
BFD: Dwarf Error: Can't find .debug_ranges section.
BFD: Dwarf Error: Can't find .debug_ranges section.
BFD: Dwarf Error: Can't find .debug_ranges section.
BFD: Dwarf Error: Can't find .debug_ranges section.
BFD: Dwarf Error: Can't find .debug_ranges section.
BFD: Dwarf Error: Can't find .debug_ranges section.
BFD: Dwarf Error: Can't find .debug_ranges section.
BFD: Dwarf Error: Can't find .debug_ranges section.
BFD: Dwarf Error: Can't find .debug_ranges section.
BFD: Dwarf Error: Can't find .debug_ranges section.
BFD: Dwarf Error: Can't find .debug_ranges section.
BFD: Dwarf Error: Can't find .debug_ranges section.
BFD: Dwarf Error: Can't find .debug_ranges section.
BFD: Dwarf Error: Can't find .debug_ranges section.
BFD: Dwarf Error: Can't find .debug_ranges section.
BFD: Dwarf Error: Can't find .debug_ranges section.
BFD: Dwarf Error: Can't find .debug_ranges section.
BFD: Dwarf Error: Can't find .debug_ranges section.
BFD: Dwarf Error: Can't find .debug_ranges section.
BFD: Dwarf Error: Can't find .debug_ranges section.
BFD: Dwarf Error: Can't find .debug_ranges section.
BFD: Dwarf Error: Can't find .debug_ranges section.
BFD: Dwarf Error: Can't find .debug_ranges section.
BFD: Dwarf Error: Can't find .debug_ranges section.
BFD: Dwarf Error: Can't find .debug_ranges section.
BFD: Dwarf Error: Can't find .debug_ranges section.
BFD: Dwarf Error: Can't find .debug_ranges section.
BFD: Dwarf Error: Can't find .debug_ranges section.
BFD: Dwarf Error: Can't find .debug_ranges section.
BFD: Dwarf Error: Can't find .debug_ranges section.
BFD: Dwarf Error: Can't find .debug_ranges section.
BFD: Dwarf Error: Can't find .debug_ranges section.
BFD: Dwarf Error: Can't find .debug_ranges section.
BFD: Dwarf Error: Can't find .debug_ranges section.
BFD: Dwarf Error: Can't find .debug_ranges section.
BFD: Dwarf Error: Can't find .debug_ranges section.
BFD: Dwarf Error: Can't find .debug_ranges section.
BFD: Dwarf Error: Can't find .debug_ranges section.
BFD: Dwarf Error: Can't find .debug_ranges section.
BFD: Dwarf Error: Can't find .debug_ranges section.
BFD: Dwarf Error: Can't find .debug_ranges section.
BFD: Dwarf Error: Can't find .debug_ranges section.
BFD: Dwarf Error: Can't find .debug_ranges section.
BFD: Dwarf Error: Can't find .debug_ranges section.
BFD: Dwarf Error: Can't find .debug_ranges section.
BFD: Dwarf Error: Can't find .debug_ranges section.
BFD: Dwarf Error: Can't find .debug_ranges section.
BFD: Dwarf Error: Can't find .debug_ranges section.
BFD: Dwarf Error: Can't find .debug_ranges section.
BFD: Dwarf Error: Can't find .debug_ranges section.
BFD: Dwarf Error: Can't find .debug_ranges section.
BFD: Dwarf Error: Can't find .debug_ranges section.
BFD: Dwarf Error: Can't find .debug_ranges section.
BFD: Dwarf Error: Can't find .debug_ranges section.
BFD: Dwarf Error: Can't find .debug_ranges section.
BFD: Dwarf Error: Can't find .debug_ranges section.
BFD: Dwarf Error: Can't find .debug_ranges section.
BFD: Dwarf Error: Can't find .debug_ranges section.
BFD: Dwarf Error: Can't find .debug_ranges section.
BFD: Dwarf Error: Can't find .debug_ranges section.
BFD: Dwarf Error: Can't find .debug_ranges section.
BFD: Dwarf Error: Can't find .debug_ranges section.
BFD: Dwarf Error: Can't find .debug_ranges section.
BFD: Dwarf Error: Can't find .debug_ranges section.
BFD: Dwarf Error: Can't find .debug_ranges section.
BFD: Dwarf Error: Can't find .debug_ranges section.
BFD: Dwarf Error: Can't find .debug_ranges section.
BFD: Dwarf Error: Can't find .debug_ranges section.
BFD: Dwarf Error: Can't find .debug_ranges section.
BFD: Dwarf Error: Can't find .debug_ranges section.
BFD: Dwarf Error: Can't find .debug_ranges section.
BFD: Dwarf Error: Can't find .debug_ranges section.
BFD: Dwarf Error: Can't find .debug_ranges section.
BFD: Dwarf Error: Can't find .debug_ranges section.
BFD: Dwarf Error: Can't find .debug_ranges section.
BFD: Dwarf Error: Can't find .debug_ranges section.
BFD: Dwarf Error: Can't find .debug_ranges section.
BFD: Dwarf Error: Can't find .debug_ranges section.
BFD: Dwarf Error: Can't find .debug_ranges section.
BFD: Dwarf Error: Can't find .debug_ranges section.
BFD: Dwarf Error: Can't find .debug_ranges section.
BFD: Dwarf Error: Can't find .debug_ranges section.
BFD: Dwarf Error: Can't find .debug_ranges section.
BFD: Dwarf Error: Can't find .debug_ranges section.
BFD: Dwarf Error: Can't find .debug_ranges section.
BFD: Dwarf Error: Can't find .debug_ranges section.
BFD: Dwarf Error: Can't find .debug_ranges section.
BFD: Dwarf Error: Can't find .debug_ranges section.
BFD: Dwarf Error: Can't find .debug_ranges section.
BFD: Dwarf Error: Can't find .debug_ranges section.
BFD: Dwarf Error: Can't find .debug_ranges section.
BFD: Dwarf Error: Can't find .debug_ranges section.
BFD: Dwarf Error: Can't find .debug_ranges section.
BFD: Dwarf Error: Can't find .debug_ranges section.
BFD: Dwarf Error: Can't find .debug_ranges section.
BFD: Dwarf Error: Can't find .debug_ranges section.
BFD: Dwarf Error: Can't find .debug_ranges section.
BFD: Dwarf Error: Can't find .debug_ranges section.
BFD: Dwarf Error: Can't find .debug_ranges section.
BFD: Dwarf Error: Can't find .debug_ranges section.
BFD: Dwarf Error: Can't find .debug_ranges section.
BFD: Dwarf Error: Can't find .debug_ranges section.
BFD: Dwarf Error: Can't find .debug_ranges section.
BFD: Dwarf Error: Can't find .debug_ranges section.
BFD: Dwarf Error: Can't find .debug_ranges section.
BFD: Dwarf Error: Can't find .debug_ranges section.
BFD: Dwarf Error: Can't find .debug_ranges section.
BFD: Dwarf Error: Can't find .debug_ranges section.
BFD: Dwarf Error: Can't find .debug_ranges section.
BFD: Dwarf Error: Can't find .debug_ranges section.
BFD: Dwarf Error: Can't find .debug_ranges section.
BFD: Dwarf Error: Can't find .debug_ranges section.
BFD: Dwarf Error: Can't find .debug_ranges section.
BFD: Dwarf Error: Can't find .debug_ranges section.
BFD: Dwarf Error: Can't find .debug_ranges section.
BFD: Dwarf Error: Can't find .debug_ranges section.
BFD: Dwarf Error: Can't find .debug_ranges section.
BFD: Dwarf Error: Can't find .debug_ranges section.
BFD: Dwarf Error: Can't find .debug_ranges section.
BFD: Dwarf Error: Can't find .debug_ranges section.
BFD: Dwarf Error: Can't find .debug_ranges section.
BFD: Dwarf Error: Can't find .debug_ranges section.
BFD: Dwarf Error: Can't find .debug_ranges section.
BFD: Dwarf Error: Can't find .debug_ranges section.
BFD: Dwarf Error: Can't find .debug_ranges section.
BFD: Dwarf Error: Can't find .debug_ranges section.
BFD: Dwarf Error: Can't find .debug_ranges section.
BFD: Dwarf Error: Can't find .debug_ranges section.
BFD: Dwarf Error: Can't find .debug_ranges section.
BFD: Dwarf Error: Can't find .debug_ranges section.
BFD: Dwarf Error: Can't find .debug_ranges section.
BFD: Dwarf Error: Can't find .debug_ranges section.
BFD: Dwarf Error: Can't find .debug_ranges section.
BFD: Dwarf Error: Can't find .debug_ranges section.
BFD: Dwarf Error: Can't find .debug_ranges section.
BFD: Dwarf Error: Can't find .debug_ranges section.
BFD: Dwarf Error: Can't find .debug_ranges section.
BFD: Dwarf Error: Can't find .debug_ranges section.
BFD: Dwarf Error: Can't find .debug_ranges section.
BFD: Dwarf Error: Can't find .debug_ranges section.
BFD: Dwarf Error: Can't find .debug_ranges section.
BFD: Dwarf Error: Can't find .debug_ranges section.
BFD: Dwarf Error: Can't find .debug_ranges section.
BFD: Dwarf Error: Can't find .debug_ranges section.
BFD: Dwarf Error: Can't find .debug_ranges section.
BFD: Dwarf Error: Can't find .debug_ranges section.
BFD: Dwarf Error: Can't find .debug_ranges section.
BFD: Dwarf Error: Can't find .debug_ranges section.
BFD: Dwarf Error: Can't find .debug_ranges section.
BFD: Dwarf Error: Can't find .debug_ranges section.
BFD: Dwarf Error: Can't find .debug_ranges section.
BFD: Dwarf Error: Can't find .debug_ranges section.
BFD: Dwarf Error: Can't find .debug_ranges section.
BFD: Dwarf Error: Can't find .debug_ranges section.
BFD: Dwarf Error: Can't find .debug_ranges section.
BFD: Dwarf Error: Can't find .debug_ranges section.
BFD: Dwarf Error: Can't find .debug_ranges section.
BFD: Dwarf Error: Can't find .debug_ranges section.
BFD: Dwarf Error: Can't find .debug_ranges section.
BFD: Dwarf Error: Can't find .debug_ranges section.
BFD: Dwarf Error: Can't find .debug_ranges section.
BFD: Dwarf Error: Can't find .debug_ranges section.
BFD: Dwarf Error: Can't find .debug_ranges section.
BFD: Dwarf Error: Can't find .debug_ranges section.
BFD: Dwarf Error: Can't find .debug_ranges section.
BFD: Dwarf Error: Can't find .debug_ranges section.
BFD: Dwarf Error: Can't find .debug_ranges section.
BFD: Dwarf Error: Can't find .debug_ranges section.
BFD: Dwarf Error: Can't find .debug_ranges section.
BFD: Dwarf Error: Can't find .debug_ranges section.
BFD: Dwarf Error: Can't find .debug_ranges section.
BFD: Dwarf Error: Can't find .debug_ranges section.
BFD: Dwarf Error: Can't find .debug_ranges section.
BFD: Dwarf Error: Can't find .debug_ranges section.
BFD: Dwarf Error: Can't find .debug_ranges section.
BFD: Dwarf Error: Can't find .debug_ranges section.
BFD: Dwarf Error: Can't find .debug_ranges section.
BFD: Dwarf Error: Can't find .debug_ranges section.
BFD: Dwarf Error: Can't find .debug_ranges section.
BFD: Dwarf Error: Can't find .debug_ranges section.
BFD: Dwarf Error: Can't find .debug_ranges section.
BFD: Dwarf Error: Can't find .debug_ranges section.
BFD: Dwarf Error: Can't find .debug_ranges section.
BFD: Dwarf Error: Can't find .debug_ranges section.
BFD: Dwarf Error: Can't find .debug_ranges section.
BFD: Dwarf Error: Can't find .debug_ranges section.
BFD: Dwarf Error: Can't find .debug_ranges section.
BFD: Dwarf Error: Can't find .debug_ranges section.
BFD: Dwarf Error: Can't find .debug_ranges section.
BFD: Dwarf Error: Can't find .debug_ranges section.
BFD: Dwarf Error: Can't find .debug_ranges section.
BFD: Dwarf Error: Can't find .debug_ranges section.
BFD: Dwarf Error: Can't find .debug_ranges section.
BFD: Dwarf Error: Can't find .debug_ranges section.
BFD: Dwarf Error: Can't find .debug_ranges section.
BFD: Dwarf Error: Can't find .debug_ranges section.
BFD: Dwarf Error: Can't find .debug_ranges section.
BFD: Dwarf Error: Can't find .debug_ranges section.
BFD: Dwarf Error: Can't find .debug_ranges section.
BFD: Dwarf Error: Can't find .debug_ranges section.
BFD: Dwarf Error: Can't find .debug_ranges section.
BFD: Dwarf Error: Can't find .debug_ranges section.
BFD: Dwarf Error: Can't find .debug_ranges section.
BFD: Dwarf Error: Can't find .debug_ranges section.
BFD: Dwarf Error: Can't find .debug_ranges section.
BFD: Dwarf Error: Can't find .debug_ranges section.
BFD: Dwarf Error: Can't find .debug_ranges section.
BFD: Dwarf Error: Can't find .debug_ranges section.
BFD: Dwarf Error: Can't find .debug_ranges section.
BFD: Dwarf Error: Can't find .debug_ranges section.
BFD: Dwarf Error: Can't find .debug_ranges section.
BFD: Dwarf Error: Can't find .debug_ranges section.
BFD: Dwarf Error: Can't find .debug_ranges section.
BFD: Dwarf Error: Can't find .debug_ranges section.
BFD: Dwarf Error: Can't find .debug_ranges section.
BFD: Dwarf Error: Can't find .debug_ranges section.
BFD: Dwarf Error: Can't find .debug_ranges section.
BFD: Dwarf Error: Can't find .debug_ranges section.
BFD: Dwarf Error: Can't find .debug_ranges section.
BFD: Dwarf Error: Can't find .debug_ranges section.
BFD: Dwarf Error: Can't find .debug_ranges section.
BFD: Dwarf Error: Can't find .debug_ranges section.
BFD: Dwarf Error: Can't find .debug_ranges section.
BFD: Dwarf Error: Can't find .debug_ranges section.
BFD: Dwarf Error: Can't find .debug_ranges section.
BFD: Dwarf Error: Can't find .debug_ranges section.
BFD: Dwarf Error: Can't find .debug_ranges section.
BFD: Dwarf Error: Can't find .debug_ranges section.
BFD: Dwarf Error: Can't find .debug_ranges section.
BFD: Dwarf Error: Can't find .debug_ranges section.
BFD: Dwarf Error: Can't find .debug_ranges section.
BFD: Dwarf Error: Can't find .debug_ranges section.
BFD: Dwarf Error: Can't find .debug_ranges section.
BFD: Dwarf Error: Can't find .debug_ranges section.
BFD: Dwarf Error: Can't find .debug_ranges section.
BFD: Dwarf Error: Can't find .debug_ranges section.
BFD: Dwarf Error: Can't find .debug_ranges section.
BFD: Dwarf Error: Can't find .debug_ranges section.
BFD: Dwarf Error: Can't find .debug_ranges section.
BFD: Dwarf Error: Can't find .debug_ranges section.
BFD: Dwarf Error: Can't find .debug_ranges section.
BFD: Dwarf Error: Can't find .debug_ranges section.
BFD: Dwarf Error: Can't find .debug_ranges section.
BFD: Dwarf Error: Can't find .debug_ranges section.
BFD: Dwarf Error: Can't find .debug_ranges section.
BFD: Dwarf Error: Can't find .debug_ranges section.
BFD: Dwarf Error: Can't find .debug_ranges section.
BFD: Dwarf Error: Can't find .debug_ranges section.
BFD: Dwarf Error: Can't find .debug_ranges section.
BFD: Dwarf Error: Can't find .debug_ranges section.
BFD: Dwarf Error: Can't find .debug_ranges section.
BFD: Dwarf Error: Can't find .debug_ranges section.
BFD: Dwarf Error: Can't find .debug_ranges section.
BFD: Dwarf Error: Can't find .debug_ranges section.
BFD: Dwarf Error: Can't find .debug_ranges section.
BFD: Dwarf Error: Can't find .debug_ranges section.
BFD: Dwarf Error: Can't find .debug_ranges section.
BFD: Dwarf Error: Can't find .debug_ranges section.
BFD: Dwarf Error: Can't find .debug_ranges section.
BFD: Dwarf Error: Can't find .debug_ranges section.
BFD: Dwarf Error: Can't find .debug_ranges section.
BFD: Dwarf Error: Can't find .debug_ranges section.
BFD: Dwarf Error: Can't find .debug_ranges section.
BFD: Dwarf Error: Can't find .debug_ranges section.
BFD: Dwarf Error: Can't find .debug_ranges section.
BFD: Dwarf Error: Can't find .debug_ranges section.
BFD: Dwarf Error: Can't find .debug_ranges section.
BFD: Dwarf Error: Can't find .debug_ranges section.
BFD: Dwarf Error: Can't find .debug_ranges section.
BFD: Dwarf Error: Can't find .debug_ranges section.
BFD: Dwarf Error: Can't find .debug_ranges section.
BFD: Dwarf Error: Can't find .debug_ranges section.
BFD: Dwarf Error: Can't find .debug_ranges section.
BFD: Dwarf Error: Can't find .debug_ranges section.
BFD: Dwarf Error: Can't find .debug_ranges section.
BFD: Dwarf Error: Can't find .debug_ranges section.
BFD: Dwarf Error: Can't find .debug_ranges section.
BFD: Dwarf Error: Can't find .debug_ranges section.
BFD: Dwarf Error: Can't find .debug_ranges section.
BFD: Dwarf Error: Can't find .debug_ranges section.
BFD: Dwarf Error: Can't find .debug_ranges section.
BFD: Dwarf Error: Can't find .debug_ranges section.
BFD: Dwarf Error: Can't find .debug_ranges section.
BFD: Dwarf Error: Can't find .debug_ranges section.
BFD: Dwarf Error: Can't find .debug_ranges section.
BFD: Dwarf Error: Can't find .debug_ranges section.
BFD: Dwarf Error: Can't find .debug_ranges section.
BFD: Dwarf Error: Can't find .debug_ranges section.
BFD: Dwarf Error: Can't find .debug_ranges section.
BFD: Dwarf Error: Can't find .debug_ranges section.
BFD: Dwarf Error: Can't find .debug_ranges section.
BFD: Dwarf Error: Can't find .debug_ranges section.
BFD: Dwarf Error: Can't find .debug_ranges section.
BFD: Dwarf Error: Can't find .debug_ranges section.
BFD: Dwarf Error: Can't find .debug_ranges section.
BFD: Dwarf Error: Can't find .debug_ranges section.
BFD: Dwarf Error: Can't find .debug_ranges section.
BFD: Dwarf Error: Can't find .debug_ranges section.
BFD: Dwarf Error: Can't find .debug_ranges section.
BFD: Dwarf Error: Can't find .debug_ranges section.
BFD: Dwarf Error: Can't find .debug_ranges section.
BFD: Dwarf Error: Can't find .debug_ranges section.
BFD: Dwarf Error: Can't find .debug_ranges section.
BFD: Dwarf Error: Can't find .debug_ranges section.
BFD: Dwarf Error: Can't find .debug_ranges section.
BFD: Dwarf Error: Can't find .debug_ranges section.
BFD: Dwarf Error: Can't find .debug_ranges section.
BFD: Dwarf Error: Can't find .debug_ranges section.
BFD: Dwarf Error: Can't find .debug_ranges section.
BFD: Dwarf Error: Can't find .debug_ranges section.
BFD: Dwarf Error: Can't find .debug_ranges section.
BFD: Dwarf Error: Can't find .debug_ranges section.
BFD: Dwarf Error: Can't find .debug_ranges section.
BFD: Dwarf Error: Can't find .debug_ranges section.
BFD: Dwarf Error: Can't find .debug_ranges section.
BFD: Dwarf Error: Can't find .debug_ranges section.
BFD: Dwarf Error: Can't find .debug_ranges section.
BFD: Dwarf Error: Can't find .debug_ranges section.
BFD: Dwarf Error: Can't find .debug_ranges section.
BFD: Dwarf Error: Can't find .debug_ranges section.
BFD: Dwarf Error: Can't find .debug_ranges section.
BFD: Dwarf Error: Can't find .debug_ranges section.
BFD: Dwarf Error: Can't find .debug_ranges section.
BFD: Dwarf Error: Can't find .debug_ranges section.
BFD: Dwarf Error: Can't find .debug_ranges section.
BFD: Dwarf Error: Can't find .debug_ranges section.
BFD: Dwarf Error: Can't find .debug_ranges section.
BFD: Dwarf Error: Can't find .debug_ranges section.
BFD: Dwarf Error: Can't find .debug_ranges section.
BFD: Dwarf Error: Can't find .debug_ranges section.
BFD: Dwarf Error: Can't find .debug_ranges section.
BFD: Dwarf Error: Can't find .debug_ranges section.
BFD: Dwarf Error: Can't find .debug_ranges section.
BFD: Dwarf Error: Can't find .debug_ranges section.
BFD: Dwarf Error: Can't find .debug_ranges section.
BFD: Dwarf Error: Can't find .debug_ranges section.
BFD: Dwarf Error: Can't find .debug_ranges section.
BFD: Dwarf Error: Can't find .debug_ranges section.
BFD: Dwarf Error: Can't find .debug_ranges section.
BFD: Dwarf Error: Can't find .debug_ranges section.
BFD: Dwarf Error: Can't find .debug_ranges section.
BFD: Dwarf Error: Can't find .debug_ranges section.
BFD: Dwarf Error: Can't find .debug_ranges section.
BFD: Dwarf Error: Can't find .debug_ranges section.
BFD: Dwarf Error: Can't find .debug_ranges section.
BFD: Dwarf Error: Can't find .debug_ranges section.
BFD: Dwarf Error: Can't find .debug_ranges section.
BFD: Dwarf Error: Can't find .debug_ranges section.
BFD: Dwarf Error: Can't find .debug_ranges section.
BFD: Dwarf Error: Can't find .debug_ranges section.
BFD: Dwarf Error: Can't find .debug_ranges section.
BFD: Dwarf Error: Can't find .debug_ranges section.
BFD: Dwarf Error: Can't find .debug_ranges section.
BFD: Dwarf Error: Can't find .debug_ranges section.
BFD: Dwarf Error: Can't find .debug_ranges section.
BFD: Dwarf Error: Can't find .debug_ranges section.
BFD: Dwarf Error: Can't find .debug_ranges section.
BFD: Dwarf Error: Can't find .debug_ranges section.
BFD: Dwarf Error: Can't find .debug_ranges section.
BFD: Dwarf Error: Can't find .debug_ranges section.
BFD: Dwarf Error: Can't find .debug_ranges section.
BFD: Dwarf Error: Can't find .debug_ranges section.
BFD: Dwarf Error: Can't find .debug_ranges section.
BFD: Dwarf Error: Can't find .debug_ranges section.
BFD: Dwarf Error: Can't find .debug_ranges section.
BFD: Dwarf Error: Can't find .debug_ranges section.
BFD: Dwarf Error: Can't find .debug_ranges section.
BFD: Dwarf Error: Can't find .debug_ranges section.
BFD: Dwarf Error: Can't find .debug_ranges section.
BFD: Dwarf Error: Can't find .debug_ranges section.
BFD: Dwarf Error: Can't find .debug_ranges section.
BFD: Dwarf Error: Can't find .debug_ranges section.
BFD: Dwarf Error: Can't find .debug_ranges section.
BFD: Dwarf Error: Can't find .debug_ranges section.
BFD: Dwarf Error: Can't find .debug_ranges section.
BFD: Dwarf Error: Can't find .debug_ranges section.
BFD: Dwarf Error: Can't find .debug_ranges section.
BFD: Dwarf Error: Can't find .debug_ranges section.
==== backtrace (tid:2639191) ====
 0 0x0000000000012b20 .annobin_sigaction.c()  sigaction.c:0
 1 0x00000000008c3c73 LAMMPS_NS::PairMACE::compute()  ???:0
 2 0x00000000005c23ba LAMMPS_NS::Verlet::setup()  ???:0
 3 0x0000000000558c0f LAMMPS_NS::Run::command()  ???:0
 4 0x000000000045bbaf LAMMPS_NS::Input::execute_command()  ???:0
 5 0x000000000045c2fe LAMMPS_NS::Input::file()  ???:0
 6 0x000000000043aea8 main()  ???:0
 7 0x0000000000023493 __libc_start_main()  ???:0
 8 0x000000000043c47e _start()  ???:0
=================================
BFD: Dwarf Error: Can't find .debug_ranges section.
BFD: Dwarf Error: Can't find .debug_ranges section.
BFD: Dwarf Error: Can't find .debug_ranges section.
BFD: Dwarf Error: Can't find .debug_ranges section.
BFD: Dwarf Error: Can't find .debug_ranges section.
BFD: Dwarf Error: Can't find .debug_ranges section.
BFD: Dwarf Error: Can't find .debug_ranges section.
BFD: Dwarf Error: Can't find .debug_ranges section.
==== backtrace (tid:2639193) ====
 0 0x0000000000012b20 .annobin_sigaction.c()  sigaction.c:0
 1 0x00000000008c3c73 LAMMPS_NS::PairMACE::compute()  ???:0
 2 0x00000000005c23ba LAMMPS_NS::Verlet::setup()  ???:0
 3 0x0000000000558c0f LAMMPS_NS::Run::command()  ???:0
 4 0x000000000045bbaf LAMMPS_NS::Input::execute_command()  ???:0
 5 0x000000000045c2fe LAMMPS_NS::Input::file()  ???:0
 6 0x000000000043aea8 main()  ???:0
 7 0x0000000000023493 __libc_start_main()  ???:0
 8 0x000000000043c47e _start()  ???:0
=================================
BFD: Dwarf Error: Can't find .debug_ranges section.
BFD: Dwarf Error: Can't find .debug_ranges section.
BFD: Dwarf Error: Can't find .debug_ranges section.
BFD: Dwarf Error: Can't find .debug_ranges section.
BFD: Dwarf Error: Can't find .debug_ranges section.
BFD: Dwarf Error: Can't find .debug_ranges section.
BFD: Dwarf Error: Can't find .debug_ranges section.
BFD: Dwarf Error: Can't find .debug_ranges section.
==== backtrace (tid:2639188) ====
 0 0x0000000000012b20 .annobin_sigaction.c()  sigaction.c:0
 1 0x00000000008c3c73 LAMMPS_NS::PairMACE::compute()  ???:0
 2 0x00000000005c23ba LAMMPS_NS::Verlet::setup()  ???:0
 3 0x0000000000558c0f LAMMPS_NS::Run::command()  ???:0
 4 0x000000000045bbaf LAMMPS_NS::Input::execute_command()  ???:0
 5 0x000000000045c2fe LAMMPS_NS::Input::file()  ???:0
 6 0x000000000043aea8 main()  ???:0
 7 0x0000000000023493 __libc_start_main()  ???:0
 8 0x000000000043c47e _start()  ???:0
=================================
BFD: Dwarf Error: Can't find .debug_ranges section.
BFD: Dwarf Error: Can't find .debug_ranges section.
BFD: Dwarf Error: Can't find .debug_ranges section.
BFD: Dwarf Error: Can't find .debug_ranges section.
BFD: Dwarf Error: Can't find .debug_ranges section.
BFD: Dwarf Error: Can't find .debug_ranges section.
BFD: Dwarf Error: Can't find .debug_ranges section.
BFD: Dwarf Error: Can't find .debug_ranges section.
BFD: Dwarf Error: Can't find .debug_ranges section.
BFD: Dwarf Error: Can't find .debug_ranges section.
BFD: Dwarf Error: Can't find .debug_ranges section.
BFD: Dwarf Error: Can't find .debug_ranges section.
BFD: Dwarf Error: Can't find .debug_ranges section.
BFD: Dwarf Error: Can't find .debug_ranges section.
BFD: Dwarf Error: Can't find .debug_ranges section.
BFD: Dwarf Error: Can't find .debug_ranges section.
BFD: Dwarf Error: Can't find .debug_ranges section.
BFD: Dwarf Error: Can't find .debug_ranges section.
BFD: Dwarf Error: Can't find .debug_ranges section.
BFD: Dwarf Error: Can't find .debug_ranges section.
BFD: Dwarf Error: Can't find .debug_ranges section.
BFD: Dwarf Error: Can't find .debug_ranges section.
BFD: Dwarf Error: Can't find .debug_ranges section.
BFD: Dwarf Error: Can't find .debug_ranges section.
BFD: Dwarf Error: Can't find .debug_ranges section.
BFD: Dwarf Error: Can't find .debug_ranges section.
==== backtrace (tid:2639176) ====
 0 0x0000000000012b20 .annobin_sigaction.c()  sigaction.c:0
 1 0x00000000008c3c73 LAMMPS_NS::PairMACE::compute()  ???:0
 2 0x00000000005c23ba LAMMPS_NS::Verlet::setup()  ???:0
 3 0x0000000000558c0f LAMMPS_NS::Run::command()  ???:0
 4 0x000000000045bbaf LAMMPS_NS::Input::execute_command()  ???:0
 5 0x000000000045c2fe LAMMPS_NS::Input::file()  ???:0
 6 0x000000000043aea8 main()  ???:0
 7 0x0000000000023493 __libc_start_main()  ???:0
 8 0x000000000043c47e _start()  ???:0
=================================
BFD: Dwarf Error: Can't find .debug_ranges section.
==== backtrace (tid:2639179) ====
 0 0x0000000000012b20 .annobin_sigaction.c()  sigaction.c:0
 1 0x00000000008c3c73 LAMMPS_NS::PairMACE::compute()  ???:0
 2 0x00000000005c23ba LAMMPS_NS::Verlet::setup()  ???:0
 3 0x0000000000558c0f LAMMPS_NS::Run::command()  ???:0
 4 0x000000000045bbaf LAMMPS_NS::Input::execute_command()  ???:0
 5 0x000000000045c2fe LAMMPS_NS::Input::file()  ???:0
 6 0x000000000043aea8 main()  ???:0
 7 0x0000000000023493 __libc_start_main()  ???:0
 8 0x000000000043c47e _start()  ???:0
=================================
BFD: Dwarf Error: Can't find .debug_ranges section.
BFD: Dwarf Error: Can't find .debug_ranges section.
BFD: Dwarf Error: Can't find .debug_ranges section.
BFD: Dwarf Error: Can't find .debug_ranges section.
BFD: Dwarf Error: Can't find .debug_ranges section.
BFD: Dwarf Error: Can't find .debug_ranges section.
BFD: Dwarf Error: Can't find .debug_ranges section.
BFD: Dwarf Error: Can't find .debug_ranges section.
BFD: Dwarf Error: Can't find .debug_ranges section.
==== backtrace (tid:2639181) ====
 0 0x0000000000012b20 .annobin_sigaction.c()  sigaction.c:0
 1 0x00000000008c3c73 LAMMPS_NS::PairMACE::compute()  ???:0
 2 0x00000000005c23ba LAMMPS_NS::Verlet::setup()  ???:0
 3 0x0000000000558c0f LAMMPS_NS::Run::command()  ???:0
 4 0x000000000045bbaf LAMMPS_NS::Input::execute_command()  ???:0
 5 0x000000000045c2fe LAMMPS_NS::Input::file()  ???:0
 6 0x000000000043aea8 main()  ???:0
 7 0x0000000000023493 __libc_start_main()  ???:0
 8 0x000000000043c47e _start()  ???:0
=================================
BFD: Dwarf Error: Can't find .debug_ranges section.
BFD: Dwarf Error: Can't find .debug_ranges section.
BFD: Dwarf Error: Can't find .debug_ranges section.
BFD: Dwarf Error: Can't find .debug_ranges section.
BFD: Dwarf Error: Can't find .debug_ranges section.
==== backtrace (tid:2639185) ====
 0 0x0000000000012b20 .annobin_sigaction.c()  sigaction.c:0
 1 0x00000000008c3c73 LAMMPS_NS::PairMACE::compute()  ???:0
 2 0x00000000005c23ba LAMMPS_NS::Verlet::setup()  ???:0
 3 0x0000000000558c0f LAMMPS_NS::Run::command()  ???:0
 4 0x000000000045bbaf LAMMPS_NS::Input::execute_command()  ???:0
 5 0x000000000045c2fe LAMMPS_NS::Input::file()  ???:0
 6 0x000000000043aea8 main()  ???:0
 7 0x0000000000023493 __libc_start_main()  ???:0
 8 0x000000000043c47e _start()  ???:0
=================================
BFD: Dwarf Error: Can't find .debug_ranges section.
BFD: Dwarf Error: Can't find .debug_ranges section.
==== backtrace (tid:2639190) ====
 0 0x0000000000012b20 .annobin_sigaction.c()  sigaction.c:0
 1 0x00000000008c3c73 LAMMPS_NS::PairMACE::compute()  ???:0
 2 0x00000000005c23ba LAMMPS_NS::Verlet::setup()  ???:0
 3 0x0000000000558c0f LAMMPS_NS::Run::command()  ???:0
 4 0x000000000045bbaf LAMMPS_NS::Input::execute_command()  ???:0
 5 0x000000000045c2fe LAMMPS_NS::Input::file()  ???:0
 6 0x000000000043aea8 main()  ???:0
 7 0x0000000000023493 __libc_start_main()  ???:0
 8 0x000000000043c47e _start()  ???:0
=================================
BFD: Dwarf Error: Can't find .debug_ranges section.
BFD: Dwarf Error: Can't find .debug_ranges section.
BFD: Dwarf Error: Can't find .debug_ranges section.
BFD: Dwarf Error: Can't find .debug_ranges section.
BFD: Dwarf Error: Can't find .debug_ranges section.
BFD: Dwarf Error: Can't find .debug_ranges section.
BFD: Dwarf Error: Can't find .debug_ranges section.
BFD: Dwarf Error: Can't find .debug_ranges section.
BFD: Dwarf Error: Can't find .debug_ranges section.
BFD: Dwarf Error: Can't find .debug_ranges section.
BFD: Dwarf Error: Can't find .debug_ranges section.
BFD: Dwarf Error: Can't find .debug_ranges section.
BFD: Dwarf Error: Can't find .debug_ranges section.
BFD: Dwarf Error: Can't find .debug_ranges section.
BFD: Dwarf Error: Can't find .debug_ranges section.
BFD: Dwarf Error: Can't find .debug_ranges section.
BFD: Dwarf Error: Can't find .debug_ranges section.
BFD: Dwarf Error: Can't find .debug_ranges section.
BFD: Dwarf Error: Can't find .debug_ranges section.
BFD: Dwarf Error: Can't find .debug_ranges section.
BFD: Dwarf Error: Can't find .debug_ranges section.
BFD: Dwarf Error: Can't find .debug_ranges section.
BFD: Dwarf Error: Can't find .debug_ranges section.
BFD: Dwarf Error: Can't find .debug_ranges section.
BFD: Dwarf Error: Can't find .debug_ranges section.
BFD: Dwarf Error: Can't find .debug_ranges section.
BFD: Dwarf Error: Can't find .debug_ranges section.
BFD: Dwarf Error: Can't find .debug_ranges section.
BFD: Dwarf Error: Can't find .debug_ranges section.
BFD: Dwarf Error: Can't find .debug_ranges section.
BFD: Dwarf Error: Can't find .debug_ranges section.
BFD: Dwarf Error: Can't find .debug_ranges section.
BFD: Dwarf Error: Can't find .debug_ranges section.
BFD: Dwarf Error: Can't find .debug_ranges section.
BFD: Dwarf Error: Can't find .debug_ranges section.
BFD: Dwarf Error: Can't find .debug_ranges section.
==== backtrace (tid:2639183) ====
 0 0x0000000000012b20 .annobin_sigaction.c()  sigaction.c:0
 1 0x00000000008c3c73 LAMMPS_NS::PairMACE::compute()  ???:0
 2 0x00000000005c23ba LAMMPS_NS::Verlet::setup()  ???:0
 3 0x0000000000558c0f LAMMPS_NS::Run::command()  ???:0
 4 0x000000000045bbaf LAMMPS_NS::Input::execute_command()  ???:0
 5 0x000000000045c2fe LAMMPS_NS::Input::file()  ???:0
 6 0x000000000043aea8 main()  ???:0
 7 0x0000000000023493 __libc_start_main()  ???:0
 8 0x000000000043c47e _start()  ???:0
=================================
BFD: Dwarf Error: Can't find .debug_ranges section.
BFD: Dwarf Error: Can't find .debug_ranges section.
